Traceback (most recent call last):
  File "/opt/anaconda3/lib/python3.13/site-packages/jupyter_cache/executors/utils.py", line 58, in single_nb_execution
    executenb(
    ~~~~~~~~~^
        nb,
        ^^^
    ...<4 lines>...
        **kwargs,
        ^^^^^^^^^
    )
    ^
  File "/opt/anaconda3/lib/python3.13/site-packages/nbclient/client.py", line 1305, in execute
    return NotebookClient(nb=nb, resources=resources, km=km, **kwargs).execute()
           ~~~~~~~~~~~~~~~~~~~~~~~~~~~~~~~~~~~~~~~~~~~~~~~~~~~~~~~~~~~~~~~~~~~^^
  File "/opt/anaconda3/lib/python3.13/site-packages/jupyter_core/utils/__init__.py", line 165, in wrapped
    return loop.run_until_complete(inner)
           ~~~~~~~~~~~~~~~~~~~~~~~^^^^^^^
  File "/opt/anaconda3/lib/python3.13/asyncio/base_events.py", line 725, in run_until_complete
    return future.result()
           ~~~~~~~~~~~~~^^
  File "/opt/anaconda3/lib/python3.13/site-packages/nbclient/client.py", line 705, in async_execute
    await self.async_execute_cell(
        cell, index, execution_count=self.code_cells_executed + 1
    )
  File "/opt/anaconda3/lib/python3.13/site-packages/nbclient/client.py", line 1058, in async_execute_cell
    await self._check_raise_for_error(cell, cell_index, exec_reply)
  File "/opt/anaconda3/lib/python3.13/site-packages/nbclient/client.py", line 914, in _check_raise_for_error
    raise CellExecutionError.from_cell_and_msg(cell, exec_reply_content)
nbclient.exceptions.CellExecutionError: An error occurred while executing the following cell:
------------------
# fit T and h
# quantum spectral distribution function
def quantumB_fit_t_H(x,h,T):
    return 2*h*c**2/(x*nm_to_m)**5/(np.exp(h*c/(x*nm_to_m*kB*T))-1)

from scipy.optimize import curve_fit

p0 = np.array([1e-34,5000])
popt, pcov = curve_fit(quantumB_fit_t_H, solar[:,0], solar[:,3]*1E13,p0=p0)
print(popt)

h = 6.62607015E-34 
def quantumB_fit_T(x,T):
    return 2*h*c**2/(x*nm_to_m)**5/(np.exp(h*c/(x*nm_to_m*kB*T))-1)

p0 = np.array([5000])
popt, pcov = curve_fit(quantumB_fit_T, solar[:,0], solar[:,3]*1E13,p0=p0)
print(popt)
------------------


[0;31m---------------------------------------------------------------------------[0m
[0;31mNameError[0m                                 Traceback (most recent call last)
Cell [0;32mIn[3], line 9[0m
[1;32m      6[0m [38;5;28;01mfrom[39;00m[38;5;250m [39m[38;5;21;01mscipy[39;00m[38;5;21;01m.[39;00m[38;5;21;01moptimize[39;00m[38;5;250m [39m[38;5;28;01mimport[39;00m curve_fit
[1;32m      8[0m p0 [38;5;241m=[39m np[38;5;241m.[39marray([[38;5;241m1e-34[39m,[38;5;241m5000[39m])
[0;32m----> 9[0m popt, pcov [38;5;241m=[39m curve_fit(quantumB_fit_t_H, solar[:,[38;5;241m0[39m], solar[:,[38;5;241m3[39m][38;5;241m*[39m[38;5;241m1E13[39m,p0[38;5;241m=[39mp0)
[1;32m     10[0m [38;5;28mprint[39m(popt)
[1;32m     12[0m h [38;5;241m=[39m [38;5;241m6.62607015E-34[39m 

[0;31mNameError[0m: name 'solar' is not defined

