Traceback (most recent call last):
  File "/opt/anaconda3/lib/python3.13/site-packages/jupyter_cache/executors/utils.py", line 58, in single_nb_execution
    executenb(
    ~~~~~~~~~^
        nb,
        ^^^
    ...<4 lines>...
        **kwargs,
        ^^^^^^^^^
    )
    ^
  File "/opt/anaconda3/lib/python3.13/site-packages/nbclient/client.py", line 1305, in execute
    return NotebookClient(nb=nb, resources=resources, km=km, **kwargs).execute()
           ~~~~~~~~~~~~~~~~~~~~~~~~~~~~~~~~~~~~~~~~~~~~~~~~~~~~~~~~~~~~~~~~~~~^^
  File "/opt/anaconda3/lib/python3.13/site-packages/jupyter_core/utils/__init__.py", line 165, in wrapped
    return loop.run_until_complete(inner)
           ~~~~~~~~~~~~~~~~~~~~~~~^^^^^^^
  File "/opt/anaconda3/lib/python3.13/asyncio/base_events.py", line 725, in run_until_complete
    return future.result()
           ~~~~~~~~~~~~~^^
  File "/opt/anaconda3/lib/python3.13/site-packages/nbclient/client.py", line 705, in async_execute
    await self.async_execute_cell(
        cell, index, execution_count=self.code_cells_executed + 1
    )
  File "/opt/anaconda3/lib/python3.13/site-packages/nbclient/client.py", line 1058, in async_execute_cell
    await self._check_raise_for_error(cell, cell_index, exec_reply)
  File "/opt/anaconda3/lib/python3.13/site-packages/nbclient/client.py", line 914, in _check_raise_for_error
    raise CellExecutionError.from_cell_and_msg(cell, exec_reply_content)
nbclient.exceptions.CellExecutionError: An error occurred while executing the following cell:
------------------
from scipy import integrate
def f(x):
    return x*x
dx = 0.01
xInt = np.arange(0.5*dx,4,dx)
print("Trapezoid rule:",integrate.trapz(np.power(xInt,2),x=xInt))
print("Simpson's rule:",integrate.simps(np.power(xInt,2),x=xInt))
print("Gaussian quadrature :",integrate.quad(f,0,4)[0])
------------------


[0;31m---------------------------------------------------------------------------[0m
[0;31mAttributeError[0m                            Traceback (most recent call last)
Cell [0;32mIn[5], line 6[0m
[1;32m      4[0m dx [38;5;241m=[39m [38;5;241m0.01[39m
[1;32m      5[0m xInt [38;5;241m=[39m np[38;5;241m.[39marange([38;5;241m0.5[39m[38;5;241m*[39mdx,[38;5;241m4[39m,dx)
[0;32m----> 6[0m [38;5;28mprint[39m([38;5;124m"[39m[38;5;124mTrapezoid rule:[39m[38;5;124m"[39m,integrate[38;5;241m.[39mtrapz(np[38;5;241m.[39mpower(xInt,[38;5;241m2[39m),x[38;5;241m=[39mxInt))
[1;32m      7[0m [38;5;28mprint[39m([38;5;124m"[39m[38;5;124mSimpson[39m[38;5;124m'[39m[38;5;124ms rule:[39m[38;5;124m"[39m,integrate[38;5;241m.[39msimps(np[38;5;241m.[39mpower(xInt,[38;5;241m2[39m),x[38;5;241m=[39mxInt))
[1;32m      8[0m [38;5;28mprint[39m([38;5;124m"[39m[38;5;124mGaussian quadrature :[39m[38;5;124m"[39m,integrate[38;5;241m.[39mquad(f,[38;5;241m0[39m,[38;5;241m4[39m)[[38;5;241m0[39m])

[0;31mAttributeError[0m: module 'scipy.integrate' has no attribute 'trapz'

